This is pdfTeXk, Version 3.141592-1.40.3 (Web2C 7.5.6) (format=pdflatex 2010.5.9)  22 MAY 2010 02:26
entering extended mode
 %&-line parsing enabled.
**redundant.tex
(./redundant.tex
LaTeX2e <2005/12/01>
Babel <v3.8h> and hyphenation patterns for english, usenglishmax, dumylang, noh
yphenation, basque, french, ibycus, greek, monogreek, ancientgreek, loaded.
(/usr/share/texmf-texlive/tex/latex/base/article.cls
Document Class: article 2005/09/16 v1.4f Standard LaTeX document class
(/usr/share/texmf-texlive/tex/latex/base/size11.clo
File: size11.clo 2005/09/16 v1.4f Standard LaTeX file (size option)
)
\c@part=\count79
\c@section=\count80
\c@subsection=\count81
\c@subsubsection=\count82
\c@paragraph=\count83
\c@subparagraph=\count84
\c@figure=\count85
\c@table=\count86
\abovecaptionskip=\skip41
\belowcaptionskip=\skip42
\bibindent=\dimen102
)
(/usr/share/texmf-texlive/tex/generic/babel/babel.sty
Package: babel 2005/11/23 v3.8h The Babel package

(/usr/share/texmf-texlive/tex/generic/babel/english.ldf
Language: english 2005/03/30 v3.3o English support from the babel system

(/usr/share/texmf-texlive/tex/generic/babel/babel.def
File: babel.def 2005/11/23 v3.8h Babel common definitions
\babel@savecnt=\count87
\U@D=\dimen103
)
\l@british = a dialect from \language\l@english 
\l@UKenglish = a dialect from \language\l@english 
\l@canadian = a dialect from \language\l@american 
\l@australian = a dialect from \language\l@british 
\l@newzealand = a dialect from \language\l@british 
)
(/usr/share/texmf-texlive/tex/generic/babel/greek.ldf
Language: greek 2005/03/30 v1.3l Greek support from the babel system

Loading the definitions for the Greek font encoding
(/usr/share/texmf-texlive/tex/generic/babel/lgrenc.def
File: lgrenc.def 2001/01/30 v2.2e Greek Encoding
)))
(/usr/share/texmf-texlive/tex/latex/ucs/ucs.sty
Package: ucs 2004/10/17 UCS: Unicode input support

(/usr/share/texmf-texlive/tex/latex/ucs/data/uni-global.def
File: uni-global.def 2004/10/17 UCS: Unicode global data
)
\uc@secondtry=\count88
\uc@combtoks=\toks14
\uc@combtoksb=\toks15
\uc@temptokena=\toks16
)
(/usr/share/texmf-texlive/tex/latex/base/inputenc.sty
Package: inputenc 2006/05/05 v1.1b Input encoding file
\inpenc@prehook=\toks17
\inpenc@posthook=\toks18

(/usr/share/texmf-texlive/tex/latex/ucs/utf8x.def
File: utf8x.def 2004/10/17 UCS: Input encoding UTF-8
))
(/usr/share/texmf-texlive/tex/latex/base/fontenc.sty
Package: fontenc 2005/09/27 v1.99g Standard LaTeX package

(/usr/share/texmf-texlive/tex/latex/base/t1enc.def
File: t1enc.def 2005/09/27 v1.99g Standard LaTeX file
LaTeX Font Info:    Redeclaring font encoding T1 on input line 43.
))
(/usr/share/texmf-texlive/tex/latex/subfig/subfig.sty
Package: subfig 2005/06/28 ver: 1.3 subfig package

(/usr/share/texmf-texlive/tex/latex/graphics/keyval.sty
Package: keyval 1999/03/16 v1.13 key=value parser (DPC)
\KV@toks@=\toks19
)
(/usr/share/texmf-texlive/tex/latex/caption/caption.sty
Package: caption 2007/01/07 v3.0k Customising captions (AR)

(/usr/share/texmf-texlive/tex/latex/caption/caption3.sty
Package: caption3 2007/01/07 v3.0k caption3 kernel (AR)
\captionmargin=\dimen104
\captionmarginx=\dimen105
\captionwidth=\dimen106
\captionindent=\dimen107
\captionparindent=\dimen108
\captionhangindent=\dimen109
))
\c@KVtest=\count89
\sf@farskip=\skip43
\sf@captopadj=\dimen110
\sf@capskip=\skip44
\sf@nearskip=\skip45
\c@subfigure=\count90
\c@subfigure@save=\count91
\c@lofdepth=\count92
\c@subtable=\count93
\c@subtable@save=\count94
\c@lotdepth=\count95
\sf@top=\skip46
\sf@bottom=\skip47
)
(/usr/share/texmf-texlive/tex/latex/graphics/graphicx.sty
Package: graphicx 1999/02/16 v1.0f Enhanced LaTeX Graphics (DPC,SPQR)

(/usr/share/texmf-texlive/tex/latex/graphics/graphics.sty
Package: graphics 2006/02/20 v1.0o Standard LaTeX Graphics (DPC,SPQR)

(/usr/share/texmf-texlive/tex/latex/graphics/trig.sty
Package: trig 1999/03/16 v1.09 sin cos tan (DPC)
)
(/etc/texmf/tex/latex/config/graphics.cfg
File: graphics.cfg 2007/01/18 v1.5 graphics configuration of teTeX/TeXLive
)
Package graphics Info: Driver file: pdftex.def on input line 90.

(/usr/share/texmf-texlive/tex/latex/pdftex-def/pdftex.def
File: pdftex.def 2007/01/08 v0.04d Graphics/color for pdfTeX
\Gread@gobject=\count96
))
\Gin@req@height=\dimen111
\Gin@req@width=\dimen112
)
(/usr/share/texmf-texlive/tex/latex/base/latexsym.sty
Package: latexsym 1998/08/17 v2.2e Standard LaTeX package (lasy symbols)
\symlasy=\mathgroup4
LaTeX Font Info:    Overwriting symbol font `lasy' in version `bold'
(Font)                  U/lasy/m/n --> U/lasy/b/n on input line 47.
)
(/usr/share/texmf-texlive/tex/latex/hyperref/hyperref.sty
Package: hyperref 2007/02/07 v6.75r Hypertext links for LaTeX
\@linkdim=\dimen113
\Hy@linkcounter=\count97
\Hy@pagecounter=\count98

(/usr/share/texmf-texlive/tex/latex/hyperref/pd1enc.def
File: pd1enc.def 2007/02/07 v6.75r Hyperref: PDFDocEncoding definition (HO)
)
(/etc/texmf/tex/latex/config/hyperref.cfg
File: hyperref.cfg 2002/06/06 v1.2 hyperref configuration of TeXLive
)
(/usr/share/texmf-texlive/tex/latex/oberdiek/kvoptions.sty
Package: kvoptions 2006/08/22 v2.4 Connects package keyval with LaTeX options (
HO)
)
Package hyperref Info: Hyper figures OFF on input line 2288.
Package hyperref Info: Link nesting OFF on input line 2293.
Package hyperref Info: Hyper index ON on input line 2296.
Package hyperref Info: Plain pages OFF on input line 2303.
Package hyperref Info: Backreferencing OFF on input line 2308.

Implicit mode ON; LaTeX internals redefined
Package hyperref Info: Bookmarks ON on input line 2444.
(/usr/share/texmf-texlive/tex/latex/ltxmisc/url.sty
\Urlmuskip=\muskip10
Package: url 2005/06/27  ver 3.2  Verb mode for urls, etc.
)
LaTeX Info: Redefining \url on input line 2599.
\Fld@menulength=\count99
\Field@Width=\dimen114
\Fld@charsize=\dimen115
\Choice@toks=\toks20
\Field@toks=\toks21
Package hyperref Info: Hyper figures OFF on input line 3102.
Package hyperref Info: Link nesting OFF on input line 3107.
Package hyperref Info: Hyper index ON on input line 3110.
Package hyperref Info: backreferencing OFF on input line 3117.
Package hyperref Info: Link coloring OFF on input line 3122.
\Hy@abspage=\count100
\c@Item=\count101
\c@Hfootnote=\count102
)
*hyperref using default driver hpdftex*
(/usr/share/texmf-texlive/tex/latex/hyperref/hpdftex.def
File: hpdftex.def 2007/02/07 v6.75r Hyperref driver for pdfTeX
\Fld@listcount=\count103
)
(/usr/share/texmf-texlive/tex/latex/oberdiek/hypcap.sty
Package: hypcap 2006/02/20 v1.5 Adjusting anchors of captions (HO)
) (./redundant.aux
LaTeX Font Info:    Try loading font information for LGR+cmr on input line 14.

(/usr/share/texmf-texlive/tex/generic/babel/lgrcmr.fd
File: lgrcmr.fd 2001/01/30 v2.2e Greek Computer Modern
))
\openout1 = `redundant.aux'.

LaTeX Font Info:    Checking defaults for OML/cmm/m/it on input line 23.
LaTeX Font Info:    ... okay on input line 23.
LaTeX Font Info:    Checking defaults for T1/cmr/m/n on input line 23.
LaTeX Font Info:    ... okay on input line 23.
LaTeX Font Info:    Checking defaults for OT1/cmr/m/n on input line 23.
LaTeX Font Info:    ... okay on input line 23.
LaTeX Font Info:    Checking defaults for OMS/cmsy/m/n on input line 23.
LaTeX Font Info:    ... okay on input line 23.
LaTeX Font Info:    Checking defaults for OMX/cmex/m/n on input line 23.
LaTeX Font Info:    ... okay on input line 23.
LaTeX Font Info:    Checking defaults for U/cmr/m/n on input line 23.
LaTeX Font Info:    ... okay on input line 23.
LaTeX Font Info:    Checking defaults for LGR/cmr/m/n on input line 23.
LaTeX Font Info:    ... okay on input line 23.
LaTeX Font Info:    Checking defaults for PD1/pdf/m/n on input line 23.
LaTeX Font Info:    ... okay on input line 23.

(/usr/share/texmf-texlive/tex/latex/ucs/ucsencs.def
File: ucsencs.def 2003/11/29 Fixes to fontencodings LGR, T3

fontencoding LGR patched
) (/usr/share/texmf-texlive/tex/latex/ragged2e/ragged2e.sty
Package: ragged2e 2003/03/25 v2.04 ragged2e Package (MS)

(/usr/share/texmf-texlive/tex/latex/everysel/everysel.sty
Package: everysel 1999/06/08 v1.03 EverySelectfont Package (MS)
LaTeX Info: Redefining \selectfont on input line 125.
)
\CenteringLeftskip=\skip48
\RaggedLeftLeftskip=\skip49
\RaggedRightLeftskip=\skip50
\CenteringRightskip=\skip51
\RaggedLeftRightskip=\skip52
\RaggedRightRightskip=\skip53
\CenteringParfillskip=\skip54
\RaggedLeftParfillskip=\skip55
\RaggedRightParfillskip=\skip56
\JustifyingParfillskip=\skip57
\CenteringParindent=\skip58
\RaggedLeftParindent=\skip59
\RaggedRightParindent=\skip60
\JustifyingParindent=\skip61
)
Package caption Info: hyperref package v6.74m (or newer) detected on input line
 23.
Package caption Info: hypcap package v1.0 (or newer) detected on input line 23.

Package caption Info: subref 1.2 or 1.3 detected on input line 23.
LaTeX Info: Redefining \subref on input line 23.
Package hyperref Info: Link coloring OFF on input line 23.

(/usr/share/texmf-texlive/tex/latex/hyperref/nameref.sty
Package: nameref 2006/12/27 v2.28 Cross-referencing by name of section

(/usr/share/texmf-texlive/tex/latex/oberdiek/refcount.sty
Package: refcount 2006/02/20 v3.0 Data extraction from references (HO)
)
\c@section@level=\count104
)
LaTeX Info: Redefining \ref on input line 23.
LaTeX Info: Redefining \pageref on input line 23.
 (./redundant.out)
(./redundant.out)
\@outlinefile=\write3
\openout3 = `redundant.out'.

 (/usr/share/texmf-texlive/tex/latex/ucs/data/uni-3.def
File: uni-3.def 2004/10/17 UCS: Unicode data U+0300..U+03FF
)
Missing character: There is no › in font grmn1728!
Missing character: There is no › in font grmn1728!
LaTeX Font Info:    External font `cmex10' loaded for size
(Font)              <12> on input line 27.
LaTeX Font Info:    External font `cmex10' loaded for size
(Font)              <8> on input line 27.
LaTeX Font Info:    External font `cmex10' loaded for size
(Font)              <6> on input line 27.
LaTeX Font Info:    Try loading font information for U+lasy on input line 27.

(/usr/share/texmf-texlive/tex/latex/base/ulasy.fd
File: ulasy.fd 1998/08/17 v2.2e LaTeX symbol font definitions
) [1

{/var/lib/texmf/fonts/map/pdftex/updmap/pdftex.map}]

Package hyperref Warning: Glyph not defined in PD1 encoding,
(hyperref)                removing `\textSigma' on input line 30.


Package hyperref Warning: Glyph not defined in PD1 encoding,
(hyperref)                removing `\texttau' on input line 30.


Package hyperref Warning: Glyph not defined in PD1 encoding,
(hyperref)                removing `\textacute+\textomicron' on input line 30.


Package hyperref Warning: Glyph not defined in PD1 encoding,
(hyperref)                removing `\textomicron' on input line 30.


Package hyperref Warning: Glyph not defined in PD1 encoding,
(hyperref)                removing `\textchi' on input line 30.


Package hyperref Warning: Glyph not defined in PD1 encoding,
(hyperref)                removing `\textomicron' on input line 30.


Package hyperref Warning: Glyph not defined in PD1 encoding,
(hyperref)                removing `\textvarsigma' on input line 30.

Missing character: There is no › in font grmn1095!
Missing character: There is no › in font grmn1095!
Missing character: There is no › in font grmn1095!
Missing character: There is no › in font grmn1095!
Missing character: There is no › in font grmi1095!
Missing character: There is no › in font grmi1095!
Missing character: There is no › in font grmn1095!
Missing character: There is no › in font grmn1095!
Missing character: There is no › in font grmn1095!
Missing character: There is no › in font grmn1095!
Missing character: There is no › in font grmn1095!
Missing character: There is no › in font grmn1095!
Missing character: There is no › in font grmi1095!
Missing character: There is no › in font grmi1095!
Missing character: There is no › in font grmn1095!
Missing character: There is no › in font grmn1095!
Missing character: There is no › in font grmn1095!
Missing character: There is no › in font grmn1095!
Missing character: There is no › in font grxn1440!

Package hyperref Warning: Glyph not defined in PD1 encoding,
(hyperref)                removing `\textGamma' on input line 38.


Package hyperref Warning: Glyph not defined in PD1 encoding,
(hyperref)                removing `\textepsilon' on input line 38.


Package hyperref Warning: Glyph not defined in PD1 encoding,
(hyperref)                removing `\textnu' on input line 38.


Package hyperref Warning: Glyph not defined in PD1 encoding,
(hyperref)                removing `\textiota' on input line 38.


Package hyperref Warning: Glyph not defined in PD1 encoding,
(hyperref)                removing `\textkappa' on input line 38.


Package hyperref Warning: Glyph not defined in PD1 encoding,
(hyperref)                removing `\textacute+\textomicron' on input line 38.


Package hyperref Warning: Glyph not defined in PD1 encoding,
(hyperref)                removing `\textomicron' on input line 38.


Package hyperref Warning: Glyph not defined in PD1 encoding,
(hyperref)                removing `\textsigma' on input line 38.


Package hyperref Warning: Glyph not defined in PD1 encoding,
(hyperref)                removing `\textchi' on input line 38.


Package hyperref Warning: Glyph not defined in PD1 encoding,
(hyperref)                removing `\textacute+\texteta' on input line 38.


Package hyperref Warning: Glyph not defined in PD1 encoding,
(hyperref)                removing `\texteta' on input line 38.


Package hyperref Warning: Glyph not defined in PD1 encoding,
(hyperref)                removing `\textalpha' on input line 38.


Package hyperref Warning: Glyph not defined in PD1 encoding,
(hyperref)                removing `\textepsilon' on input line 38.


Package hyperref Warning: Glyph not defined in PD1 encoding,
(hyperref)                removing `\textlambda' on input line 38.


Package hyperref Warning: Glyph not defined in PD1 encoding,
(hyperref)                removing `\textacute+\textepsilon' on input line 38.


Package hyperref Warning: Glyph not defined in PD1 encoding,
(hyperref)                removing `\textepsilon' on input line 38.


Package hyperref Warning: Glyph not defined in PD1 encoding,
(hyperref)                removing `\textgamma' on input line 38.


Package hyperref Warning: Glyph not defined in PD1 encoding,
(hyperref)                removing `\textchi' on input line 38.


Package hyperref Warning: Glyph not defined in PD1 encoding,
(hyperref)                removing `\textomicron' on input line 38.


Package hyperref Warning: Glyph not defined in PD1 encoding,
(hyperref)                removing `\textupsilon' on input line 38.

Missing character: There is no › in font grmn1095!
Missing character: There is no › in font grmn1095!
Missing character: There is no › in font grmn1095!
Missing character: There is no › in font grmn1095!
Missing character: There is no › in font grmi1095!
Missing character: There is no › in font grmn1095!
Missing character: There is no › in font grmn1095!
Missing character: There is no › in font grmn1095!
Missing character: There is no › in font grmn1095!
Missing character: There is no › in font grmn1095!
Missing character: There is no › in font grmn1095!
Missing character: There is no › in font grmn1095!
Missing character: There is no › in font grmn1095!
Missing character: There is no › in font grmn1095!
Missing character: There is no › in font grmn1095!
Missing character: There is no › in font grmn1095!
Missing character: There is no › in font grmn1095!
Missing character: There is no › in font grmn1095!
Missing character: There is no › in font grxn1440!
Missing character: There is no › in font grxn1440!

Package hyperref Warning: Glyph not defined in PD1 encoding,
(hyperref)                removing `\textPi' on input line 49.


Package hyperref Warning: Glyph not defined in PD1 encoding,
(hyperref)                removing `\textrho' on input line 49.


Package hyperref Warning: Glyph not defined in PD1 encoding,
(hyperref)                removing `\textomega' on input line 49.


Package hyperref Warning: Glyph not defined in PD1 encoding,
(hyperref)                removing `\texttau' on input line 49.


Package hyperref Warning: Glyph not defined in PD1 encoding,
(hyperref)                removing `\textepsilon' on input line 49.


Package hyperref Warning: Glyph not defined in PD1 encoding,
(hyperref)                removing `\textacute+\textupsilon' on input line 49.


Package hyperref Warning: Glyph not defined in PD1 encoding,
(hyperref)                removing `\textupsilon' on input line 49.


Package hyperref Warning: Glyph not defined in PD1 encoding,
(hyperref)                removing `\textomicron' on input line 49.


Package hyperref Warning: Glyph not defined in PD1 encoding,
(hyperref)                removing `\textupsilon' on input line 49.


Package hyperref Warning: Glyph not defined in PD1 encoding,
(hyperref)                removing `\textsigma' on input line 49.


Package hyperref Warning: Glyph not defined in PD1 encoding,
(hyperref)                removing `\textalpha' on input line 49.


Package hyperref Warning: Glyph not defined in PD1 encoding,
(hyperref)                removing `\textepsilon' on input line 49.


Package hyperref Warning: Glyph not defined in PD1 encoding,
(hyperref)                removing `\textrho' on input line 49.


Package hyperref Warning: Glyph not defined in PD1 encoding,
(hyperref)                removing `\textgamma' on input line 49.


Package hyperref Warning: Glyph not defined in PD1 encoding,
(hyperref)                removing `\textalpha' on input line 49.


Package hyperref Warning: Glyph not defined in PD1 encoding,
(hyperref)                removing `\textsigma' on input line 49.


Package hyperref Warning: Glyph not defined in PD1 encoding,
(hyperref)                removing `\textacute+\textiota' on input line 49.


Package hyperref Warning: Glyph not defined in PD1 encoding,
(hyperref)                removing `\textiota' on input line 49.


Package hyperref Warning: Glyph not defined in PD1 encoding,
(hyperref)                removing `\textalpha' on input line 49.

Missing character: There is no › in font grmn1095!
Missing character: There is no › in font grmn1095!
Missing character: There is no › in font grmn1095!
Missing character: There is no › in font grmn1095!
Missing character: There is no › in font grmn1095!
Missing character: There is no › in font grmn1095!
Missing character: There is no › in font grmn1095!
Missing character: There is no › in font grmn1095!
Missing character: There is no › in font grmn1095!
Missing character: There is no › in font grmn1095!
Missing character: There is no › in font grmn1095!
Missing character: There is no › in font grmn1095!
Missing character: There is no › in font grmn1095!
Missing character: There is no › in font grmn1095!
Missing character: There is no › in font grmn1095!
Missing character: There is no › in font grmn1095!
Missing character: There is no › in font grmn1095!
Missing character: There is no › in font grmn1095!
Missing character: There is no › in font grmn1095!
Missing character: There is no › in font grmn1095!
Missing character: There is no › in font grmn1095!
LaTeX Font Info:    External font `cmex10' loaded for size
(Font)              <10.95> on input line 60.
Missing character: There is no › in font grmn1095!
Missing character: There is no › in font grmn1095!
Missing character: There is no › in font grmn1095!
Missing character: There is no › in font grmn1095!
Missing character: There is no › in font grmn1095!
Missing character: There is no › in font grmn1095!
Missing character: There is no › in font grmn1095!
Missing character: There is no › in font grmn1095!
Missing character: There is no › in font grmn1095!
Missing character: There is no › in font grmn1095!
Missing character: There is no › in font grmn1095!
Missing character: There is no › in font grmn1095!
Missing character: There is no › in font grmn1095!
pdfTeX warning (ext4): destination with the same identifier (name{page.1}) has 
been already used, duplicate ignored
<to be read again> 
                   \relax 
l.74 \end{document}
                    [1] (./redundant.aux) ) 
Here is how much of TeX's memory you used:
 4775 strings out of 94986
 70164 string characters out of 1181086
 128205 words of memory out of 1500000
 7898 multiletter control sequences out of 10000+50000
 15649 words of font info for 42 fonts, out of 1200000 for 2000
 73 hyphenation exceptions out of 8191
 43i,6n,45p,442b,426s stack positions out of 5000i,500n,6000p,200000b,5000s
 </home/alkis/.texmf-var/fonts/pk/lj
four/jknappen/ec/ecrm1095.600pk> </home/alkis/.texmf-var/fonts/pk/ljfour/public
/cb/grmi1095.600pk> </home/alkis/.texmf-var/fonts/pk/ljfour/public/cb/grmn1095.
600pk> </home/alkis/.texmf-var/fonts/pk/ljfour/public/cb/grxn1440.600pk> </home
/alkis/.texmf-var/fonts/pk/ljfour/public/cb/grmn1200.600pk> </home/alkis/.texmf
-var/fonts/pk/ljfour/public/cb/grmn1728.600pk></usr/share/texmf-texlive/fonts/t
ype1/bluesky/cm/cmbx10.pfb></usr/share/texmf-texlive/fonts/type1/bluesky/cm/cmb
x8.pfb></usr/share/texmf-texlive/fonts/type1/bluesky/cm/cmmi6.pfb></usr/share/t
exmf-texlive/fonts/type1/bluesky/cm/cmmi8.pfb></usr/share/texmf-texlive/fonts/t
ype1/bluesky/cm/cmr10.pfb></usr/share/texmf-texlive/fonts/type1/bluesky/cm/cmr6
.pfb></usr/share/texmf-texlive/fonts/type1/bluesky/cm/cmr8.pfb></usr/share/texm
f-texlive/fonts/type1/bluesky/cm/cmsy10.pfb>
Output written on redundant.pdf (2 pages, 86045 bytes).
PDF statistics:
 235 PDF objects out of 1000 (max. 8388607)
 5 named destinations out of 1000 (max. 131072)
 41 words of extra memory for PDF output out of 10000 (max. 10000000)

